<?xml version="1.0" encoding="UTF-8"?>
<robot generator="Robot 6.1.1 (Python 3.7.9 on win32)" generated="20260323 00:40:05.264" rpa="false" schemaversion="4">
<suite id="s1" name="Logout" source="C:\Users\karina.felicetti\Documents\karina\robot_framework\logout.robot">
<test id="s1-t1" name="Realizar Logout com Sucesso" line="10">
<kw name="Abrir Loja">
<kw name="Open Browser" library="SeleniumLibrary">
<arg>${URL}</arg>
<arg>chrome</arg>
<doc>Opens a new browser instance to the optional ``url``.</doc>
<msg timestamp="20260323 00:40:05.437" level="INFO">Opening browser 'chrome' to base url 'https://www.saucedemo.com/'.</msg>
<status status="PASS" starttime="20260323 00:40:05.437" endtime="20260323 00:40:08.167"/>
</kw>
<kw name="Maximize Browser Window" library="SeleniumLibrary">
<doc>Maximizes current browser window.</doc>
<status status="PASS" starttime="20260323 00:40:08.167" endtime="20260323 00:40:08.197"/>
</kw>
<status status="PASS" starttime="20260323 00:40:05.437" endtime="20260323 00:40:08.197"/>
</kw>
<kw name="Fazer Login">
<arg>${USER_VALIDO}</arg>
<arg>${SENHA}</arg>
<kw name="Input Text" library="SeleniumLibrary">
<arg>id=user-name</arg>
<arg>${user}</arg>
<doc>Types the given ``text`` into the text field identified by ``locator``.</doc>
<msg timestamp="20260323 00:40:08.199" level="INFO">Typing text 'standard_user' into text field 'id=user-name'.</msg>
<status status="PASS" starttime="20260323 00:40:08.198" endtime="20260323 00:40:08.308"/>
</kw>
<kw name="Input Password" library="SeleniumLibrary">
<arg>id=password</arg>
<arg>${pass}</arg>
<doc>Types the given password into the text field identified by ``locator``.</doc>
<msg timestamp="20260323 00:40:08.309" level="INFO">Typing password into text field 'id=password'.</msg>
<msg timestamp="20260323 00:40:08.338" level="INFO">Temporally setting log level to: NONE</msg>
<msg timestamp="20260323 00:40:08.377" level="INFO">Log level changed from NONE to INFO.</msg>
<status status="PASS" starttime="20260323 00:40:08.308" endtime="20260323 00:40:08.377"/>
</kw>
<kw name="Click Button" library="SeleniumLibrary">
<arg>id=login-button</arg>
<doc>Clicks the button identified by ``locator``.</doc>
<msg timestamp="20260323 00:40:08.378" level="INFO">Clicking button 'id=login-button'.</msg>
<status status="PASS" starttime="20260323 00:40:08.377" endtime="20260323 00:40:08.488"/>
</kw>
<status status="PASS" starttime="20260323 00:40:08.197" endtime="20260323 00:40:08.488"/>
</kw>
<kw name="Click Button" library="SeleniumLibrary">
<arg>id=react-burger-menu-btn</arg>
<doc>Clicks the button identified by ``locator``.</doc>
<msg timestamp="20260323 00:40:08.490" level="INFO">Clicking button 'id=react-burger-menu-btn'.</msg>
<status status="PASS" starttime="20260323 00:40:08.489" endtime="20260323 00:40:08.586"/>
</kw>
<kw name="Wait Until Element Is Visible" library="SeleniumLibrary">
<arg>id=logout_sidebar_link</arg>
<arg>timeout=5s</arg>
<doc>Waits until the element ``locator`` is visible.</doc>
<status status="PASS" starttime="20260323 00:40:08.586" endtime="20260323 00:40:08.834"/>
</kw>
<kw name="Click Link" library="SeleniumLibrary">
<arg>id=logout_sidebar_link</arg>
<doc>Clicks a link identified by ``locator``.</doc>
<msg timestamp="20260323 00:40:08.834" level="INFO">Clicking link 'id=logout_sidebar_link'.</msg>
<status status="PASS" starttime="20260323 00:40:08.834" endtime="20260323 00:40:08.883"/>
</kw>
<kw name="Page Should Contain Element" library="SeleniumLibrary">
<arg>id=login-button</arg>
<doc>Verifies that element ``locator`` is found on the current page.</doc>
<msg timestamp="20260323 00:40:08.891" level="INFO">Current page contains element 'id=login-button'.</msg>
<status status="PASS" starttime="20260323 00:40:08.884" endtime="20260323 00:40:08.891"/>
</kw>
<kw name="Close Browser" library="SeleniumLibrary" type="TEARDOWN">
<doc>Closes the current browser.</doc>
<status status="PASS" starttime="20260323 00:40:08.892" endtime="20260323 00:40:11.112"/>
</kw>
<status status="PASS" starttime="20260323 00:40:05.436" endtime="20260323 00:40:11.113"/>
</test>
<status status="PASS" starttime="20260323 00:40:05.266" endtime="20260323 00:40:11.115"/>
</suite>
<statistics>
<total>
<stat pass="1" fail="0" skip="0">All Tests</stat>
</total>
<tag>
</tag>
<suite>
<stat pass="1" fail="0" skip="0" id="s1" name="Logout">Logout</stat>
</suite>
</statistics>
<errors>
</errors>
</robot>
